[06/Jun/2020:20:42:50] (I): WordPress Instance Info:
[06/Jun/2020:20:42:50] (I): Home URL : http://localhost/Zakaria
[06/Jun/2020:20:42:50] (I): Site URL : http://localhost/Zakaria
[06/Jun/2020:20:42:50] (I): WordPress Version : 5.4.1
[06/Jun/2020:20:42:50] (I): Onboarding Version : 1.0.1
[06/Jun/2020:20:42:50] (I): Multisite : No
[06/Jun/2020:20:42:50] (I): Server Info : Apache/2.4.41 (Win64) OpenSSL/1.1.1c PHP/7.3.11
[06/Jun/2020:20:42:50] (I): PHP Version : 7.3.11
[06/Jun/2020:20:42:50] (I): HTTPS : No
[06/Jun/2020:20:42:50] (I): PHP Max Execution Time : 120
[06/Jun/2020:20:42:50] (I): PHP Max Input Vars : 1000
[06/Jun/2020:20:42:50] (I): Max Upload Size : 41943040
[06/Jun/2020:20:42:50] (I): Plugins:
[06/Jun/2020:20:42:50] (I): [PLUGIN] Elementor : v2.9.11 (Elementor.com)
[06/Jun/2020:20:42:50] (I): [PLUGIN] Orbit Fox Companion : v2.9.9 (Themeisle)
[06/Jun/2020:20:42:50] (P): Saving remote XML
[06/Jun/2020:20:42:51] (S): Saved remote XML at path C:\xampp\htdocs\Zakaria/wp-content/uploads/themeisle-demo-import.xml.
[06/Jun/2020:20:42:51] (P): Starting content import...
[06/Jun/2020:20:42:51] (S): Import started.
[06/Jun/2020:20:42:51] (S): Parsing XML file.
[06/Jun/2020:20:42:51] (P): Starting parsing file:C:\xampp\htdocs\Zakaria/wp-content/uploads/themeisle-demo-import.xml
[06/Jun/2020:20:42:51] (P): Using WXR_Parser_SimpleXML...
[06/Jun/2020:20:42:51] (S): Parsed XML
[06/Jun/2020:20:42:51] (P): Processing categories...
[06/Jun/2020:20:42:51] (S): Processed categories.
[06/Jun/2020:20:42:51] (P): Processing tags...
[06/Jun/2020:20:42:51] (S): No tags to process.
[06/Jun/2020:20:42:51] (P): Processing terms...
[06/Jun/2020:20:42:51] (S): Processed terms.
[06/Jun/2020:20:42:51] (P): Processing posts...
[06/Jun/2020:20:42:51] (P): Inserting custom_css: neve .
[06/Jun/2020:20:42:51] (S): Done inserting custom_css: neve .
[06/Jun/2020:20:42:51] (P): Inserting page: Home .
[06/Jun/2020:20:42:51] (S): Done inserting page: Home .
[06/Jun/2020:20:42:51] (P): Filtering elementor meta...
[06/Jun/2020:20:42:51] (S): Filtered elementor meta.
[06/Jun/2020:20:42:51] (P): Processing attachment: https://s33834.pcdn.co/freelancer/wp-content/uploads/sites/183/2019/09/neve-freelancer-01.jpg...
[06/Jun/2020:20:42:51] (P): Fetching attachment from url: https://s33834.pcdn.co/freelancer/wp-content/uploads/sites/183/2019/09/neve-freelancer-01.jpg...
[06/Jun/2020:20:42:52] (S): Fetched remote attachment.
[06/Jun/2020:20:42:52] (P): Inserting attachment...
[06/Jun/2020:20:42:52] (S): Attachment inserted
[06/Jun/2020:20:42:52] (S): Processed attachment.
[06/Jun/2020:20:42:52] (P): Processing attachment: https://s33834.pcdn.co/freelancer/wp-content/uploads/sites/183/2019/09/neve-freelancer-03.jpg...
[06/Jun/2020:20:42:52] (P): Fetching attachment from url: https://s33834.pcdn.co/freelancer/wp-content/uploads/sites/183/2019/09/neve-freelancer-03.jpg...
[06/Jun/2020:20:42:53] (S): Fetched remote attachment.
[06/Jun/2020:20:42:53] (P): Inserting attachment...
[06/Jun/2020:20:42:53] (S): Attachment inserted
[06/Jun/2020:20:42:53] (S): Processed attachment.
[06/Jun/2020:20:42:53] (P): Processing attachment: https://s33834.pcdn.co/freelancer/wp-content/uploads/sites/183/2019/09/neve-freelancer-05.jpg...
[06/Jun/2020:20:42:53] (P): Fetching attachment from url: https://s33834.pcdn.co/freelancer/wp-content/uploads/sites/183/2019/09/neve-freelancer-05.jpg...
[06/Jun/2020:20:42:54] (S): Fetched remote attachment.
[06/Jun/2020:20:42:54] (P): Inserting attachment...
[06/Jun/2020:20:42:54] (S): Attachment inserted
[06/Jun/2020:20:42:54] (S): Processed attachment.
[06/Jun/2020:20:42:54] (P): Processing attachment: https://s33834.pcdn.co/freelancer/wp-content/uploads/sites/183/2019/09/neve-freelancer-06.jpg...
[06/Jun/2020:20:42:54] (P): Fetching attachment from url: https://s33834.pcdn.co/freelancer/wp-content/uploads/sites/183/2019/09/neve-freelancer-06.jpg...
[06/Jun/2020:20:42:55] (S): Fetched remote attachment.
[06/Jun/2020:20:42:55] (P): Inserting attachment...
[06/Jun/2020:20:42:55] (S): Attachment inserted
[06/Jun/2020:20:42:55] (S): Processed attachment.
[06/Jun/2020:20:42:55] (P): Processing attachment: https://s33834.pcdn.co/freelancer/wp-content/uploads/sites/183/2019/09/neve-freelancer-08.jpg...
[06/Jun/2020:20:42:55] (P): Fetching attachment from url: https://s33834.pcdn.co/freelancer/wp-content/uploads/sites/183/2019/09/neve-freelancer-08.jpg...
[06/Jun/2020:20:42:56] (S): Fetched remote attachment.
[06/Jun/2020:20:42:56] (P): Inserting attachment...
[06/Jun/2020:20:42:56] (S): Attachment inserted
[06/Jun/2020:20:42:56] (S): Processed attachment.
[06/Jun/2020:20:42:56] (P): Processing attachment: https://s33834.pcdn.co/freelancer/wp-content/uploads/sites/183/2019/09/neve-freelancer-12.jpg...
[06/Jun/2020:20:42:56] (P): Fetching attachment from url: https://s33834.pcdn.co/freelancer/wp-content/uploads/sites/183/2019/09/neve-freelancer-12.jpg...
[06/Jun/2020:20:42:57] (S): Fetched remote attachment.
[06/Jun/2020:20:42:57] (P): Inserting attachment...
[06/Jun/2020:20:42:57] (S): Attachment inserted
[06/Jun/2020:20:42:57] (S): Processed attachment.
[06/Jun/2020:20:42:57] (P): Processing attachment: https://s33834.pcdn.co/freelancer/wp-content/uploads/sites/183/2019/09/neve-freelancer-13.jpg...
[06/Jun/2020:20:42:57] (P): Fetching attachment from url: https://s33834.pcdn.co/freelancer/wp-content/uploads/sites/183/2019/09/neve-freelancer-13.jpg...
[06/Jun/2020:20:42:59] (S): Fetched remote attachment.
[06/Jun/2020:20:42:59] (P): Inserting attachment...
[06/Jun/2020:20:42:59] (S): Attachment inserted
[06/Jun/2020:20:42:59] (S): Processed attachment.
[06/Jun/2020:20:42:59] (P): Processing attachment: https://s33834.pcdn.co/freelancer/wp-content/uploads/sites/183/2019/09/neve-freelancer-14.jpg...
[06/Jun/2020:20:42:59] (P): Fetching attachment from url: https://s33834.pcdn.co/freelancer/wp-content/uploads/sites/183/2019/09/neve-freelancer-14.jpg...
[06/Jun/2020:20:43:00] (S): Fetched remote attachment.
[06/Jun/2020:20:43:00] (P): Inserting attachment...
[06/Jun/2020:20:43:00] (S): Attachment inserted
[06/Jun/2020:20:43:00] (S): Processed attachment.
[06/Jun/2020:20:43:00] (P): Processing attachment: https://s33834.pcdn.co/freelancer/wp-content/uploads/sites/183/2019/09/neve-freelancer-15.jpg...
[06/Jun/2020:20:43:00] (P): Fetching attachment from url: https://s33834.pcdn.co/freelancer/wp-content/uploads/sites/183/2019/09/neve-freelancer-15.jpg...
[06/Jun/2020:20:43:01] (S): Fetched remote attachment.
[06/Jun/2020:20:43:01] (P): Inserting attachment...
[06/Jun/2020:20:43:01] (S): Attachment inserted
[06/Jun/2020:20:43:01] (S): Processed attachment.
[06/Jun/2020:20:43:01] (P): Processing single menu item ' '...
[06/Jun/2020:20:43:01] (P): Processing single menu item ' '...
[06/Jun/2020:20:43:01] (P): Processing single menu item ' '...
[06/Jun/2020:20:43:01] (P): Processing single menu item ' '...
[06/Jun/2020:20:43:01] (S): Processed single menu item.
[06/Jun/2020:20:43:01] (P): Processing attachment: https://s33834.pcdn.co/freelancer/wp-content/uploads/sites/183/2019/09/neve-freelancer-logo.png...
[06/Jun/2020:20:43:01] (P): Fetching attachment from url: https://s33834.pcdn.co/freelancer/wp-content/uploads/sites/183/2019/09/neve-freelancer-logo.png...
[06/Jun/2020:20:43:02] (S): Fetched remote attachment.
[06/Jun/2020:20:43:02] (P): Inserting attachment...
[06/Jun/2020:20:43:02] (S): Attachment inserted
[06/Jun/2020:20:43:02] (S): Processed attachment.
[06/Jun/2020:20:43:02] (P): Processing attachment: https://s33834.pcdn.co/freelancer/wp-content/uploads/sites/183/2019/09/neve-freelancer-icon.png...
[06/Jun/2020:20:43:02] (P): Fetching attachment from url: https://s33834.pcdn.co/freelancer/wp-content/uploads/sites/183/2019/09/neve-freelancer-icon.png...
[06/Jun/2020:20:43:02] (S): Fetched remote attachment.
[06/Jun/2020:20:43:02] (P): Inserting attachment...
[06/Jun/2020:20:43:02] (S): Attachment inserted
[06/Jun/2020:20:43:02] (S): Processed attachment.
[06/Jun/2020:20:43:02] (P): Processing attachment: https://s33834.pcdn.co/freelancer/wp-content/uploads/sites/183/2019/09/cropped-neve-freelancer-icon.png...
[06/Jun/2020:20:43:02] (P): Fetching attachment from url: https://s33834.pcdn.co/freelancer/wp-content/uploads/sites/183/2019/09/cropped-neve-freelancer-icon.png...
[06/Jun/2020:20:43:03] (S): Fetched remote attachment.
[06/Jun/2020:20:43:03] (P): Inserting attachment...
[06/Jun/2020:20:43:03] (S): Attachment inserted
[06/Jun/2020:20:43:03] (S): Processed attachment.
[06/Jun/2020:20:43:03] (P): Inserting page: About Me .
[06/Jun/2020:20:43:03] (S): Done inserting page: About Me .
[06/Jun/2020:20:43:03] (P): Filtering elementor meta...
[06/Jun/2020:20:43:03] (S): Filtered elementor meta.
[06/Jun/2020:20:43:03] (P): Inserting page: Contact .
[06/Jun/2020:20:43:03] (S): Done inserting page: Contact .
[06/Jun/2020:20:43:03] (P): Filtering elementor meta...
[06/Jun/2020:20:43:03] (S): Filtered elementor meta.
[06/Jun/2020:20:43:03] (P): Inserting page: Portfolio .
[06/Jun/2020:20:43:03] (S): Done inserting page: Portfolio .
[06/Jun/2020:20:43:03] (P): Filtering elementor meta...
[06/Jun/2020:20:43:03] (S): Filtered elementor meta.
[06/Jun/2020:20:43:03] (S): Processed posts.
[06/Jun/2020:20:43:03] (P): Processing single menu item ' '...
[06/Jun/2020:20:43:04] (S): Processed single menu item.
[06/Jun/2020:20:43:04] (P): Processing single menu item ' '...
[06/Jun/2020:20:43:04] (S): Processed single menu item.
[06/Jun/2020:20:43:04] (P): Processing single menu item ' '...
[06/Jun/2020:20:43:04] (S): Processed single menu item.
[06/Jun/2020:20:43:04] (P): Cleaning up import with id ...
[06/Jun/2020:20:43:04] (P): Done cleanup. Flushing cache...
[06/Jun/2020:20:43:04] (P): Flushed cache. Removing temporary data..
[06/Jun/2020:20:43:04] (S): Done importing
[06/Jun/2020:20:43:04] (P): Busting elementor cache
[06/Jun/2020:20:43:04] (S): Front page set up with id: 40.
